<?xml version="1.0" encoding="UTF-8"?>
<!-- Generated by org.testng.reporters.JUnitReportReporter -->
<testsuite skipped="0" hostname="Nejlas-MacBook-Air.local" name="olympics.OlympicMedals" tests="5" failures="0" timestamp="04 Jul 2018 22:41:10 GMT" time="30.584" errors="0">
  <testcase name="countryByMedal" time="6.447" classname="olympics.OlympicMedals"/>
  <testcase name="theMost" time="8.576" classname="olympics.OlympicMedals"/>
  <testcase name="getSum" time="5.957" classname="olympics.OlympicMedals"/>
  <testcase name="sortTest" time="5.128" classname="olympics.OlympicMedals"/>
  <testcase name="getIndex" time="4.476" classname="olympics.OlympicMedals"/>
</testsuite> <!-- olympics.OlympicMedals -->
